{"level":"info","message":"inside selectEmp","timestamp":"9:59:26 AM"}
{"level":"info","message":"inside getconnection[object Object]","timestamp":"9:59:26 AM"}
{"level":"info","message":"inside selectEmp","timestamp":"10:03:16 AM"}
{"level":"info","message":"inside getconnection[object Object]","timestamp":"10:03:16 AM"}
{"level":"info","message":"inside selectEmp","timestamp":"10:03:47 AM"}
{"level":"info","message":"inside getconnection[object Object]","timestamp":"10:03:47 AM"}
{"level":"info","message":"inside selectEmp","timestamp":"10:03:47 AM"}
{"level":"info","message":"inside getconnection[object Object]","timestamp":"10:03:47 AM"}
{"level":"info","message":"inside selectEmp","timestamp":"10:16:53 AM"}
{"level":"info","message":"inside getconnection[object Object]","timestamp":"10:16:53 AM"}
{"level":"info","message":"inside selectEmp","timestamp":"10:16:56 AM"}
{"level":"info","message":"inside getconnection[object Object]","timestamp":"10:16:56 AM"}
{"level":"info","message":"inside selectEmp","timestamp":"10:17:02 AM"}
{"level":"info","message":"inside getconnection[object Object]","timestamp":"10:17:02 AM"}
{"level":"info","message":"inside selectEmp","timestamp":"10:17:07 AM"}
{"level":"info","message":"inside getconnection[object Object]","timestamp":"10:17:07 AM"}
{"level":"info","message":"inside selectEmp","timestamp":"10:17:20 AM"}
{"level":"info","message":"inside getconnection[object Object]","timestamp":"10:17:20 AM"}
{"level":"info","message":"inside selectEmp","timestamp":"10:21:38 AM"}
{"level":"info","message":"inside getconnection[object Object]","timestamp":"10:21:38 AM"}
{"level":"info","message":"inside selectEmp","timestamp":"10:21:41 AM"}
{"level":"info","message":"inside getconnection[object Object]","timestamp":"10:21:41 AM"}
{"level":"info","message":"inside selectEmp","timestamp":"10:22:26 AM"}
{"level":"info","message":"inside getconnection[object Object]","timestamp":"10:22:26 AM"}
{"level":"info","message":"inside selectEmp","timestamp":"10:35:54 AM"}
{"level":"info","message":"inside getconnection[object Object]","timestamp":"10:35:54 AM"}
{"level":"info","message":"inside selectEmp","timestamp":"10:42:07 AM"}
{"level":"info","message":"inside getconnection[object Object]","timestamp":"10:42:07 AM"}
{"level":"info","message":"inside selectEmp","timestamp":"12:12:00 PM"}
{"level":"info","message":"inside getconnection[object Object]","timestamp":"12:12:00 PM"}
{"level":"info","message":"inside selectEmp","timestamp":"12:21:05 PM"}
{"level":"info","message":"inside getconnection[object Object]","timestamp":"12:21:05 PM"}
{"level":"info","message":"inside selectEmp","timestamp":"12:23:46 PM"}
{"level":"info","message":"inside getconnection[object Object]","timestamp":"12:23:46 PM"}
{"level":"info","message":"inside selectEmp","timestamp":"12:24:47 PM"}
{"level":"info","message":"inside getconnection[object Object]","timestamp":"12:24:47 PM"}
{"level":"info","message":"inside selectEmp","timestamp":"12:25:41 PM"}
{"level":"info","message":"inside getconnection[object Object]","timestamp":"12:25:41 PM"}
{"level":"info","message":"inside selectEmp","timestamp":"12:26:22 PM"}
{"level":"info","message":"inside getconnection[object Object]","timestamp":"12:26:22 PM"}
{"level":"info","message":"inside selectEmp","timestamp":"12:27:45 PM"}
{"level":"info","message":"inside getconnection[object Object]","timestamp":"12:27:45 PM"}
{"level":"info","message":"inside selectEmp","timestamp":"12:30:39 PM"}
{"level":"info","message":"inside getconnection[object Object]","timestamp":"12:30:39 PM"}
{"level":"info","message":"inside selectEmp","timestamp":"12:30:48 PM"}
{"level":"info","message":"inside getconnection[object Object]","timestamp":"12:30:48 PM"}
{"level":"info","message":"inside selectEmp","timestamp":"12:35:18 PM"}
{"level":"info","message":"inside getconnection[object Object]","timestamp":"12:35:18 PM"}
{"level":"info","message":"inside selectEmp","timestamp":"12:35:23 PM"}
{"level":"info","message":"inside getconnection[object Object]","timestamp":"12:35:23 PM"}
{"level":"info","message":"inside selectEmp","timestamp":"12:36:24 PM"}
{"level":"info","message":"inside selectEmp","timestamp":"12:37:34 PM"}
{"level":"info","message":"inside selectEmp","timestamp":"12:38:35 PM"}
{"level":"info","message":"inside getconnection[object Object]","timestamp":"12:38:35 PM"}
{"level":"info","message":"inside selectEmp","timestamp":"12:38:53 PM"}
{"level":"info","message":"inside getconnection[object Object]","timestamp":"12:38:53 PM"}
{"level":"info","message":"inside selectEmp","timestamp":"12:39:53 PM"}
{"level":"info","message":"inside selectEmp","timestamp":"12:40:10 PM"}
{"level":"info","message":"inside selectEmp","timestamp":"12:40:46 PM"}
{"level":"info","message":"inside selectEmp","timestamp":"12:41:33 PM"}
{"level":"info","message":"inside selectEmp","timestamp":"12:41:39 PM"}
{"level":"info","message":"inside selectEmp","timestamp":"12:41:44 PM"}
{"level":"info","message":"inside selectEmp","timestamp":"12:52:36 PM"}
{"level":"info","message":"inside selectEmp","timestamp":"12:54:08 PM"}
{"level":"info","message":"inside selectEmp","timestamp":"12:55:08 PM"}
{"level":"info","message":"inside selectEmp","timestamp":"12:55:20 PM"}
{"level":"info","message":"inside selectEmp","timestamp":"12:57:11 PM"}
{"level":"info","message":"inside selectEmp","timestamp":"12:58:26 PM"}
{"level":"info","message":"inside getconnection[object Object]","timestamp":"12:58:26 PM"}
{"level":"info","message":"inside selectEmp","timestamp":"12:58:30 PM"}
{"level":"info","message":"inside getconnection[object Object]","timestamp":"12:58:30 PM"}
{"level":"info","message":"inside selectEmp","timestamp":"1:03:21 PM"}
{"level":"info","message":"inside getconnection[object Object]","timestamp":"1:03:21 PM"}
{"level":"info","message":"inside selectEmp","timestamp":"1:04:57 PM"}
{"level":"info","message":"inside getconnection[object Object]","timestamp":"1:04:57 PM"}
{"level":"info","message":"inside selectEmp","timestamp":"2:18:10 PM"}
{"level":"info","message":"inside getconnection[object Object]","timestamp":"2:18:11 PM"}
{"level":"info","message":"inside selectEmp","timestamp":"2:19:33 PM"}
{"level":"info","message":"inside getconnection[object Object]","timestamp":"2:19:33 PM"}
{"level":"info","message":"inside selectEmp","timestamp":"2:21:14 PM"}
{"level":"info","message":"inside getconnection[object Object]","timestamp":"2:21:14 PM"}
{"level":"info","message":"inside selectEmp","timestamp":"2:23:59 PM"}
{"level":"info","message":"inside getconnection[object Object]","timestamp":"2:23:59 PM"}
{"level":"info","message":"inside selectEmp","timestamp":"2:26:01 PM"}
{"level":"info","message":"inside getconnection[object Object]","timestamp":"2:26:02 PM"}
{"level":"info","message":"inside selectEmp","timestamp":"2:31:28 PM"}
{"level":"info","message":"inside getconnection[object Object]","timestamp":"2:31:28 PM"}
{"level":"info","message":"inside selectEmp","timestamp":"2:33:13 PM"}
{"level":"info","message":"inside getconnection[object Object]","timestamp":"2:33:13 PM"}
{"level":"info","message":"inside selectEmp","timestamp":"2:35:39 PM"}
{"level":"info","message":"inside getconnection[object Object]","timestamp":"2:35:39 PM"}
{"level":"info","message":"inside selectEmp","timestamp":"2:36:50 PM"}
{"level":"info","message":"inside getconnection[object Object]","timestamp":"2:36:50 PM"}
{"level":"info","message":"inside selectEmp","timestamp":"2:37:18 PM"}
{"level":"info","message":"inside getconnection[object Object]","timestamp":"2:37:18 PM"}
{"level":"info","message":"inside selectEmp","timestamp":"2:38:25 PM"}
{"level":"info","message":"inside getconnection[object Object]","timestamp":"2:38:25 PM"}
{"level":"info","message":"inside selectEmp","timestamp":"2:38:44 PM"}
{"level":"info","message":"inside getconnection[object Object]","timestamp":"2:38:45 PM"}
{"level":"info","message":"inside selectEmp","timestamp":"2:48:09 PM"}
{"level":"info","message":"inside getconnection[object Object]","timestamp":"2:48:09 PM"}
{"level":"info","message":"inside selectEmp","timestamp":"2:51:10 PM"}
{"level":"info","message":"inside getconnection[object Object]","timestamp":"2:51:10 PM"}
{"level":"info","message":"inside selectEmp","timestamp":"2:52:20 PM"}
{"level":"info","message":"inside getconnection[object Object]","timestamp":"2:52:20 PM"}
{"level":"info","message":"inside selectEmp","timestamp":"2:58:06 PM"}
{"level":"info","message":"inside getconnection[object Object]","timestamp":"2:58:06 PM"}
{"level":"info","message":"inside selectEmp","timestamp":"3:12:17 PM"}
{"level":"info","message":"inside getconnection[object Object]","timestamp":"3:12:17 PM"}
{"level":"info","message":"inside selectEmp","timestamp":"3:13:24 PM"}
{"level":"info","message":"inside getconnection[object Object]","timestamp":"3:13:24 PM"}
{"level":"info","message":"inside selectEmp","timestamp":"3:14:20 PM"}
{"level":"info","message":"inside getconnection[object Object]","timestamp":"3:14:20 PM"}
{"level":"info","message":"inside selectEmp","timestamp":"3:15:09 PM"}
{"level":"info","message":"inside getconnection[object Object]","timestamp":"3:15:09 PM"}
{"level":"info","message":"inside selectEmp","timestamp":"3:17:17 PM"}
{"level":"info","message":"inside getconnection[object Object]","timestamp":"3:17:18 PM"}
{"level":"info","message":"inside selectEmp","timestamp":"3:19:57 PM"}
{"level":"info","message":"inside getconnection[object Object]","timestamp":"3:19:57 PM"}
{"level":"info","message":"inside selectEmp","timestamp":"3:21:37 PM"}
{"level":"info","message":"inside getconnection[object Object]","timestamp":"3:21:37 PM"}
{"level":"info","message":"inside selectEmp","timestamp":"3:31:31 PM"}
{"level":"info","message":"inside getconnection[object Object]","timestamp":"3:31:31 PM"}
{"level":"info","message":"inside selectEmp","timestamp":"3:33:37 PM"}
{"level":"info","message":"inside getconnection[object Object]","timestamp":"3:33:38 PM"}
{"level":"info","message":"inside selectEmp","timestamp":"3:35:27 PM"}
{"level":"info","message":"inside getconnection[object Object]","timestamp":"3:35:27 PM"}
{"level":"info","message":"inside selectEmp","timestamp":"3:37:48 PM"}
{"level":"info","message":"inside getconnection[object Object]","timestamp":"3:37:48 PM"}
{"level":"info","message":"inside selectEmp","timestamp":"3:43:12 PM"}
{"level":"info","message":"inside getconnection[object Object]","timestamp":"3:43:12 PM"}
{"level":"info","message":"inside GetSelectedEmployees","timestamp":"3:57:36 PM"}
{"level":"info","message":"inside getconnection[object Object]","timestamp":"3:57:37 PM"}
{"level":"info","message":"inside GetSelectedEmployees","timestamp":"3:58:54 PM"}
{"level":"info","message":"inside getconnection[object Object]","timestamp":"3:58:54 PM"}
{"level":"info","message":"inside GetSelectedEmployees","timestamp":"4:01:50 PM"}
{"level":"info","message":"inside getconnection[object Object]","timestamp":"4:01:50 PM"}
{"level":"info","message":"inside selectEmp","timestamp":"4:07:09 PM"}
{"level":"info","message":"inside getconnection[object Object]","timestamp":"4:07:09 PM"}
{"level":"info","message":"inside selectEmp","timestamp":"4:09:57 PM"}
{"level":"info","message":"inside getconnection[object Object]","timestamp":"4:09:57 PM"}
{"level":"info","message":"inside GetSelectedEmployees","timestamp":"4:10:38 PM"}
{"level":"info","message":"inside getconnection[object Object]","timestamp":"4:10:38 PM"}
{"level":"info","message":"inside GetSelectedEmployees","timestamp":"5:05:13 PM"}
{"level":"info","message":"inside getconnection[object Object]","timestamp":"5:05:14 PM"}
{"level":"info","message":"inside GetSelectedEmployees","timestamp":"5:07:13 PM"}
{"level":"info","message":"inside selectEmp","timestamp":"5:10:01 PM"}
{"level":"info","message":"inside getconnection[object Object]","timestamp":"5:10:01 PM"}
{"level":"info","message":"inside selectEmp","timestamp":"5:10:57 PM"}
{"level":"info","message":"inside getconnection[object Object]","timestamp":"5:10:57 PM"}
{"level":"info","message":"inside selectEmp","timestamp":"5:16:36 PM"}
{"level":"info","message":"inside getconnection[object Object]","timestamp":"5:16:36 PM"}
{"level":"info","message":"inside GetSelectedEmployees","timestamp":"5:18:07 PM"}
{"level":"info","message":"inside getconnection[object Object]","timestamp":"5:18:07 PM"}
{"level":"info","message":"inside GetSelectedEmployees","timestamp":"5:34:36 PM"}
{"level":"info","message":"inside getconnection[object Object]","timestamp":"5:34:36 PM"}
{"level":"info","message":"inside GetSelectedEmployees","timestamp":"5:36:12 PM"}
{"level":"info","message":"inside GetSelectedEmployees","timestamp":"5:36:38 PM"}
{"level":"info","message":"inside getconnection[object Object]","timestamp":"5:36:38 PM"}
{"level":"info","message":"inside selectEmp","timestamp":"5:45:30 PM"}
{"level":"info","message":"inside getconnection[object Object]","timestamp":"5:45:30 PM"}
{"level":"info","message":"inside GetSelectedEmployees","timestamp":"5:45:39 PM"}
{"level":"info","message":"inside getconnection[object Object]","timestamp":"5:45:39 PM"}
{"level":"info","message":"inside GetSelectedEmployees","timestamp":"5:46:44 PM"}
{"level":"info","message":"inside getconnection[object Object]","timestamp":"5:46:45 PM"}
{"level":"info","message":"inside selectEmp","timestamp":"5:51:27 PM"}
{"level":"info","message":"inside getconnection[object Object]","timestamp":"5:51:27 PM"}
{"level":"info","message":"inside GetSelectedEmployees","timestamp":"5:51:45 PM"}
{"level":"info","message":"inside getconnection[object Object]","timestamp":"5:51:45 PM"}
{"level":"info","message":"inside selectEmp","timestamp":"5:53:05 PM"}
{"level":"info","message":"inside getconnection[object Object]","timestamp":"5:53:05 PM"}
{"level":"info","message":"inside GetSelectedEmployees","timestamp":"5:53:07 PM"}
{"level":"info","message":"inside getconnection[object Object]","timestamp":"5:53:07 PM"}
{"level":"info","message":"inside selectEmp","timestamp":"5:55:34 PM"}
{"level":"info","message":"inside getconnection[object Object]","timestamp":"5:55:34 PM"}
{"level":"info","message":"inside GetSelectedEmployees","timestamp":"5:55:37 PM"}
{"level":"info","message":"inside getconnection[object Object]","timestamp":"5:55:37 PM"}
{"level":"info","message":"inside selectEmp","timestamp":"5:57:09 PM"}
{"level":"info","message":"inside getconnection[object Object]","timestamp":"5:57:09 PM"}
{"level":"info","message":"inside GetSelectedEmployees","timestamp":"5:57:11 PM"}
{"level":"info","message":"inside getconnection[object Object]","timestamp":"5:57:12 PM"}
{"level":"info","message":"inside GetSelectedEmployees","timestamp":"5:57:49 PM"}
{"level":"info","message":"inside getconnection[object Object]","timestamp":"5:57:49 PM"}
{"level":"info","message":"inside selectEmp","timestamp":"5:59:03 PM"}
{"level":"info","message":"inside getconnection[object Object]","timestamp":"5:59:03 PM"}
{"level":"info","message":"inside GetSelectedEmployees","timestamp":"5:59:07 PM"}
{"level":"info","message":"inside getconnection[object Object]","timestamp":"5:59:07 PM"}
{"level":"info","message":"inside selectEmp","timestamp":"5:59:56 PM"}
{"level":"info","message":"inside selectEmp","timestamp":"6:00:32 PM"}
{"level":"info","message":"inside getconnection[object Object]","timestamp":"6:00:32 PM"}
{"level":"info","message":"inside GetSelectedEmployees","timestamp":"6:00:36 PM"}
{"level":"info","message":"inside getconnection[object Object]","timestamp":"6:00:36 PM"}
{"level":"info","message":"inside GetSelectedEmployees","timestamp":"6:02:27 PM"}
{"level":"info","message":"inside getconnection[object Object]","timestamp":"6:02:27 PM"}
{"level":"info","message":"inside selectEmp","timestamp":"6:28:55 PM"}
{"level":"info","message":"inside getconnection[object Object]","timestamp":"6:28:55 PM"}
{"level":"info","message":"inside GetSelectedEmployees","timestamp":"6:29:04 PM"}
{"level":"info","message":"inside getconnection[object Object]","timestamp":"6:29:04 PM"}
{"level":"info","message":"inside selectEmp","timestamp":"6:40:02 PM"}
{"level":"info","message":"inside getconnection[object Object]","timestamp":"6:40:02 PM"}
{"level":"info","message":"inside GetSelectedEmployees","timestamp":"6:40:04 PM"}
{"level":"info","message":"inside getconnection[object Object]","timestamp":"6:40:04 PM"}
{"level":"info","message":"inside db:ReferenceError: sql is not defined","timestamp":"6:40:04 PM"}
{"level":"info","message":"inside getconnection[object Object]","timestamp":"6:40:04 PM"}
{"level":"info","message":"inside GetSelectedEmployees","timestamp":"6:41:43 PM"}
{"level":"info","message":"inside getconnection[object Object]","timestamp":"6:41:43 PM"}
{"level":"info","message":"inside selectEmp","timestamp":"6:42:48 PM"}
{"level":"info","message":"inside getconnection[object Object]","timestamp":"6:42:48 PM"}
{"level":"info","message":"inside GetSelectedEmployees","timestamp":"6:42:54 PM"}
{"level":"info","message":"inside getconnection[object Object]","timestamp":"6:42:54 PM"}
{"level":"info","message":"inside selectEmp","timestamp":"6:43:49 PM"}
{"level":"info","message":"inside getconnection[object Object]","timestamp":"6:43:49 PM"}
{"level":"info","message":"inside GetSelectedEmployees","timestamp":"6:43:52 PM"}
{"level":"info","message":"inside getconnection[object Object]","timestamp":"6:43:52 PM"}
{"level":"info","message":"inside selectEmp","timestamp":"6:44:54 PM"}
{"level":"info","message":"inside getconnection[object Object]","timestamp":"6:44:54 PM"}
{"level":"info","message":"inside GetSelectedEmployees","timestamp":"6:45:04 PM"}
{"level":"info","message":"inside getconnection[object Object]","timestamp":"6:45:04 PM"}
{"level":"info","message":"inside selectEmp","timestamp":"6:46:00 PM"}
{"level":"info","message":"inside getconnection[object Object]","timestamp":"6:46:01 PM"}
{"level":"info","message":"inside GetSelectedEmployees","timestamp":"6:46:08 PM"}
{"level":"info","message":"inside getconnection[object Object]","timestamp":"6:46:08 PM"}
{"level":"info","message":"inside GetSelectedEmployees","timestamp":"6:48:08 PM"}
{"level":"info","message":"inside getconnection[object Object]","timestamp":"6:48:08 PM"}
{"level":"info","message":"inside GetSelectedEmployees","timestamp":"6:58:57 PM"}
{"level":"info","message":"inside getconnection[object Object]","timestamp":"6:58:57 PM"}
{"level":"info","message":"inside GetSelectedEmployees","timestamp":"7:01:11 PM"}
{"level":"info","message":"inside getconnection[object Object]","timestamp":"7:01:12 PM"}
{"level":"info","message":"inside selectEmp","timestamp":"7:03:16 PM"}
{"level":"info","message":"inside getconnection[object Object]","timestamp":"7:03:16 PM"}
{"level":"info","message":"inside GetSelectedEmployees","timestamp":"7:03:17 PM"}
{"level":"info","message":"inside getconnection[object Object]","timestamp":"7:03:18 PM"}
{"level":"info","message":"inside selectEmp","timestamp":"7:04:11 PM"}
{"level":"info","message":"inside getconnection[object Object]","timestamp":"7:04:11 PM"}
{"level":"info","message":"inside selectEmp","timestamp":"7:04:16 PM"}
{"level":"info","message":"inside getconnection[object Object]","timestamp":"7:04:16 PM"}
{"level":"info","message":"inside GetSelectedEmployees","timestamp":"7:04:18 PM"}
{"level":"info","message":"inside getconnection[object Object]","timestamp":"7:04:18 PM"}
{"level":"info","message":"inside selectEmp","timestamp":"7:05:11 PM"}
{"level":"info","message":"inside getconnection[object Object]","timestamp":"7:05:11 PM"}
{"level":"info","message":"inside GetSelectedEmployees","timestamp":"7:05:13 PM"}
{"level":"info","message":"inside getconnection[object Object]","timestamp":"7:05:13 PM"}
{"level":"info","message":"inside GetSelectedEmployees","timestamp":"7:05:59 PM"}
{"level":"info","message":"inside getconnection[object Object]","timestamp":"7:05:59 PM"}
{"level":"info","message":"inside GetSelectedEmployees","timestamp":"7:07:00 PM"}
{"level":"info","message":"inside getconnection[object Object]","timestamp":"7:07:00 PM"}
{"level":"info","message":"inside selectEmp","timestamp":"7:09:31 PM"}
{"level":"info","message":"inside getconnection[object Object]","timestamp":"7:09:31 PM"}
{"level":"info","message":"inside GetSelectedEmployees","timestamp":"7:09:37 PM"}
{"level":"info","message":"inside getconnection[object Object]","timestamp":"7:09:37 PM"}
{"level":"info","message":"inside GetSelectedEmployees","timestamp":"7:11:37 PM"}
{"level":"info","message":"inside getconnection[object Object]","timestamp":"7:11:37 PM"}
{"level":"info","message":"inside selectEmp","timestamp":"7:11:58 PM"}
{"level":"info","message":"inside getconnection[object Object]","timestamp":"7:11:58 PM"}
{"level":"info","message":"inside GetSelectedEmployees","timestamp":"7:12:03 PM"}
{"level":"info","message":"inside getconnection[object Object]","timestamp":"7:12:03 PM"}
{"level":"info","message":"inside GetSelectedEmployees","timestamp":"7:14:03 PM"}
{"level":"info","message":"inside getconnection[object Object]","timestamp":"7:14:03 PM"}
