{"level":"info","message":"inside selectEmp","timestamp":"10:08:18 AM"}
{"level":"info","message":"inside getconnection[object Object]","timestamp":"10:08:18 AM"}
{"level":"info","message":"inside GetSelectedEmployees","timestamp":"10:08:22 AM"}
{"level":"info","message":"inside getconnection[object Object]","timestamp":"10:08:22 AM"}
{"level":"info","message":"inside selectEmp","timestamp":"10:14:51 AM"}
{"level":"info","message":"inside getconnection[object Object]","timestamp":"10:14:51 AM"}
{"level":"info","message":"inside selectEmp","timestamp":"10:14:57 AM"}
{"level":"info","message":"inside getconnection[object Object]","timestamp":"10:14:57 AM"}
{"level":"info","message":"inside selectEmp","timestamp":"10:15:02 AM"}
{"level":"info","message":"inside getconnection[object Object]","timestamp":"10:15:02 AM"}
{"level":"info","message":"inside selectEmp","timestamp":"10:15:08 AM"}
{"level":"info","message":"inside getconnection[object Object]","timestamp":"10:15:08 AM"}
{"level":"info","message":"inside selectEmp","timestamp":"10:15:25 AM"}
{"level":"info","message":"inside getconnection[object Object]","timestamp":"10:15:25 AM"}
{"level":"info","message":"inside selectEmp","timestamp":"10:15:46 AM"}
{"level":"info","message":"inside getconnection[object Object]","timestamp":"10:15:46 AM"}
{"level":"info","message":"inside selectEmp","timestamp":"10:16:00 AM"}
{"level":"info","message":"inside getconnection[object Object]","timestamp":"10:16:00 AM"}
{"level":"info","message":"inside selectEmp","timestamp":"10:16:45 AM"}
{"level":"info","message":"inside getconnection[object Object]","timestamp":"10:16:45 AM"}
{"level":"info","message":"inside selectEmp","timestamp":"10:17:16 AM"}
{"level":"info","message":"inside getconnection[object Object]","timestamp":"10:17:16 AM"}
{"level":"info","message":"inside selectEmp","timestamp":"10:17:19 AM"}
{"level":"info","message":"inside getconnection[object Object]","timestamp":"10:17:19 AM"}
{"level":"info","message":"inside selectEmp","timestamp":"10:17:22 AM"}
{"level":"info","message":"inside getconnection[object Object]","timestamp":"10:17:22 AM"}
{"level":"info","message":"inside selectEmp","timestamp":"10:17:43 AM"}
{"level":"info","message":"inside getconnection[object Object]","timestamp":"10:17:43 AM"}
{"level":"info","message":"inside selectEmp","timestamp":"10:18:34 AM"}
{"level":"info","message":"inside getconnection[object Object]","timestamp":"10:18:34 AM"}
{"level":"info","message":"inside selectEmp","timestamp":"10:19:00 AM"}
{"level":"info","message":"inside getconnection[object Object]","timestamp":"10:19:00 AM"}
{"level":"info","message":"inside selectEmp","timestamp":"10:19:03 AM"}
{"level":"info","message":"inside getconnection[object Object]","timestamp":"10:19:03 AM"}
{"level":"info","message":"inside selectEmp","timestamp":"10:19:08 AM"}
{"level":"info","message":"inside getconnection[object Object]","timestamp":"10:19:08 AM"}
{"level":"info","message":"inside selectEmp","timestamp":"10:19:21 AM"}
{"level":"info","message":"inside getconnection[object Object]","timestamp":"10:19:21 AM"}
{"level":"info","message":"inside selectEmp","timestamp":"10:19:28 AM"}
{"level":"info","message":"inside getconnection[object Object]","timestamp":"10:19:28 AM"}
{"level":"info","message":"inside selectEmp","timestamp":"10:22:51 AM"}
{"level":"info","message":"inside getconnection[object Object]","timestamp":"10:22:51 AM"}
{"level":"info","message":"inside selectEmp","timestamp":"10:24:20 AM"}
{"level":"info","message":"inside getconnection[object Object]","timestamp":"10:24:20 AM"}
{"level":"info","message":"inside selectEmp","timestamp":"10:24:23 AM"}
{"level":"info","message":"inside getconnection[object Object]","timestamp":"10:24:23 AM"}
{"level":"info","message":"inside selectEmp","timestamp":"10:25:14 AM"}
{"level":"info","message":"inside getconnection[object Object]","timestamp":"10:25:14 AM"}
{"level":"info","message":"inside selectEmp","timestamp":"10:26:29 AM"}
{"level":"info","message":"inside getconnection[object Object]","timestamp":"10:26:29 AM"}
{"level":"info","message":"inside selectEmp","timestamp":"10:27:24 AM"}
{"level":"info","message":"inside getconnection[object Object]","timestamp":"10:27:24 AM"}
{"level":"info","message":"inside GetSelectedEmployees","timestamp":"10:27:49 AM"}
{"level":"info","message":"inside getconnection[object Object]","timestamp":"10:27:49 AM"}
{"level":"info","message":"inside selectEmp","timestamp":"10:33:42 AM"}
{"level":"info","message":"inside getconnection[object Object]","timestamp":"10:33:42 AM"}
{"level":"info","message":"inside GetSelectedEmployees","timestamp":"10:33:55 AM"}
{"level":"info","message":"inside getconnection[object Object]","timestamp":"10:33:55 AM"}
{"level":"info","message":"inside selectEmp","timestamp":"10:34:25 AM"}
{"level":"info","message":"inside getconnection[object Object]","timestamp":"10:34:25 AM"}
{"level":"info","message":"inside selectEmp","timestamp":"10:35:17 AM"}
{"level":"info","message":"inside getconnection[object Object]","timestamp":"10:35:17 AM"}
{"level":"info","message":"inside selectEmp","timestamp":"10:35:42 AM"}
{"level":"info","message":"inside getconnection[object Object]","timestamp":"10:35:42 AM"}
{"level":"info","message":"inside selectEmp","timestamp":"11:47:45 AM"}
{"level":"info","message":"inside getconnection[object Object]","timestamp":"11:47:45 AM"}
{"level":"info","message":"inside selectEmp","timestamp":"11:47:52 AM"}
{"level":"info","message":"inside getconnection[object Object]","timestamp":"11:47:52 AM"}
{"level":"info","message":"inside selectEmp","timestamp":"11:48:48 AM"}
{"level":"info","message":"inside getconnection[object Object]","timestamp":"11:48:48 AM"}
{"level":"info","message":"inside selectEmp","timestamp":"11:48:51 AM"}
{"level":"info","message":"inside getconnection[object Object]","timestamp":"11:48:51 AM"}
{"level":"info","message":"inside selectEmp","timestamp":"11:49:14 AM"}
{"level":"info","message":"inside getconnection[object Object]","timestamp":"11:49:14 AM"}
{"level":"info","message":"inside GetSelectedEmployees","timestamp":"11:49:18 AM"}
{"level":"info","message":"inside getconnection[object Object]","timestamp":"11:49:18 AM"}
{"level":"info","message":"inside selectEmp","timestamp":"11:49:48 AM"}
{"level":"info","message":"inside getconnection[object Object]","timestamp":"11:49:48 AM"}
{"level":"info","message":"inside selectEmp","timestamp":"11:50:24 AM"}
{"level":"info","message":"inside getconnection[object Object]","timestamp":"11:50:24 AM"}
{"level":"info","message":"inside selectEmp","timestamp":"11:50:40 AM"}
{"level":"info","message":"inside getconnection[object Object]","timestamp":"11:50:40 AM"}
{"level":"info","message":"inside selectEmp","timestamp":"11:51:21 AM"}
{"level":"info","message":"inside getconnection[object Object]","timestamp":"11:51:21 AM"}
{"level":"info","message":"inside selectEmp","timestamp":"11:51:32 AM"}
{"level":"info","message":"inside getconnection[object Object]","timestamp":"11:51:32 AM"}
{"level":"info","message":"inside selectEmp","timestamp":"11:52:08 AM"}
{"level":"info","message":"inside getconnection[object Object]","timestamp":"11:52:08 AM"}
{"level":"info","message":"inside selectEmp","timestamp":"11:55:09 AM"}
{"level":"info","message":"inside getconnection[object Object]","timestamp":"11:55:09 AM"}
{"level":"info","message":"inside selectEmp","timestamp":"11:55:15 AM"}
{"level":"info","message":"inside getconnection[object Object]","timestamp":"11:55:15 AM"}
{"level":"info","message":"inside selectEmp","timestamp":"11:55:20 AM"}
{"level":"info","message":"inside getconnection[object Object]","timestamp":"11:55:20 AM"}
{"level":"info","message":"inside selectEmp","timestamp":"11:55:30 AM"}
{"level":"info","message":"inside getconnection[object Object]","timestamp":"11:55:30 AM"}
{"level":"info","message":"inside selectEmp","timestamp":"11:55:54 AM"}
{"level":"info","message":"inside getconnection[object Object]","timestamp":"11:55:54 AM"}
{"level":"info","message":"inside selectEmp","timestamp":"11:56:30 AM"}
{"level":"info","message":"inside getconnection[object Object]","timestamp":"11:56:30 AM"}
{"level":"info","message":"inside selectEmp","timestamp":"11:59:32 AM"}
{"level":"info","message":"inside getconnection[object Object]","timestamp":"11:59:32 AM"}
{"level":"info","message":"inside selectEmp","timestamp":"12:00:16 PM"}
{"level":"info","message":"inside getconnection[object Object]","timestamp":"12:00:16 PM"}
{"level":"info","message":"inside selectEmp","timestamp":"12:00:58 PM"}
{"level":"info","message":"inside getconnection[object Object]","timestamp":"12:00:58 PM"}
{"level":"info","message":"inside selectEmp","timestamp":"12:01:54 PM"}
{"level":"info","message":"inside getconnection[object Object]","timestamp":"12:01:54 PM"}
{"level":"info","message":"inside selectEmp","timestamp":"12:02:39 PM"}
{"level":"info","message":"inside getconnection[object Object]","timestamp":"12:02:39 PM"}
{"level":"info","message":"inside selectEmp","timestamp":"12:03:24 PM"}
{"level":"info","message":"inside getconnection[object Object]","timestamp":"12:03:24 PM"}
{"level":"info","message":"inside selectEmp","timestamp":"12:04:42 PM"}
{"level":"info","message":"inside getconnection[object Object]","timestamp":"12:04:42 PM"}
{"level":"info","message":"inside selectEmp","timestamp":"12:07:00 PM"}
{"level":"info","message":"inside getconnection[object Object]","timestamp":"12:07:00 PM"}
{"level":"info","message":"inside selectEmp","timestamp":"12:08:21 PM"}
{"level":"info","message":"inside getconnection[object Object]","timestamp":"12:08:21 PM"}
{"level":"info","message":"inside selectEmp","timestamp":"12:14:49 PM"}
{"level":"info","message":"inside getconnection[object Object]","timestamp":"12:14:49 PM"}
{"level":"info","message":"inside selectEmp","timestamp":"12:16:50 PM"}
{"level":"info","message":"inside getconnection[object Object]","timestamp":"12:16:50 PM"}
{"level":"info","message":"inside GetSelectedEmployees","timestamp":"12:16:54 PM"}
{"level":"info","message":"inside getconnection[object Object]","timestamp":"12:16:54 PM"}
{"level":"info","message":"inside selectEmp","timestamp":"12:17:39 PM"}
{"level":"info","message":"inside getconnection[object Object]","timestamp":"12:17:39 PM"}
{"level":"info","message":"inside selectEmp","timestamp":"12:20:46 PM"}
{"level":"info","message":"inside getconnection[object Object]","timestamp":"12:20:46 PM"}
{"level":"info","message":"inside selectEmp","timestamp":"12:25:18 PM"}
{"level":"info","message":"inside getconnection[object Object]","timestamp":"12:25:18 PM"}
{"level":"info","message":"inside selectEmp","timestamp":"12:25:47 PM"}
{"level":"info","message":"inside getconnection[object Object]","timestamp":"12:25:47 PM"}
{"level":"info","message":"inside selectEmp","timestamp":"12:26:16 PM"}
{"level":"info","message":"inside getconnection[object Object]","timestamp":"12:26:16 PM"}
{"level":"info","message":"inside GetSelectedEmployees","timestamp":"12:26:18 PM"}
{"level":"info","message":"inside getconnection[object Object]","timestamp":"12:26:18 PM"}
{"level":"info","message":"inside selectEmp","timestamp":"12:30:52 PM"}
{"level":"info","message":"inside getconnection[object Object]","timestamp":"12:30:52 PM"}
{"level":"info","message":"inside selectEmp","timestamp":"12:32:52 PM"}
{"level":"info","message":"inside getconnection[object Object]","timestamp":"12:32:52 PM"}
{"level":"info","message":"inside selectEmp","timestamp":"12:33:25 PM"}
{"level":"info","message":"inside getconnection[object Object]","timestamp":"12:33:25 PM"}
{"level":"info","message":"inside selectEmp","timestamp":"12:34:34 PM"}
{"level":"info","message":"inside getconnection[object Object]","timestamp":"12:34:34 PM"}
{"level":"info","message":"inside selectEmp","timestamp":"12:35:41 PM"}
{"level":"info","message":"inside getconnection[object Object]","timestamp":"12:35:41 PM"}
{"level":"info","message":"inside selectEmp","timestamp":"12:37:21 PM"}
{"level":"info","message":"inside getconnection[object Object]","timestamp":"12:37:21 PM"}
{"level":"info","message":"inside selectEmp","timestamp":"12:37:31 PM"}
{"level":"info","message":"inside getconnection[object Object]","timestamp":"12:37:31 PM"}
{"level":"info","message":"inside selectEmp","timestamp":"12:38:56 PM"}
{"level":"info","message":"inside getconnection[object Object]","timestamp":"12:38:56 PM"}
{"level":"info","message":"inside selectEmp","timestamp":"12:39:54 PM"}
{"level":"info","message":"inside getconnection[object Object]","timestamp":"12:39:54 PM"}
{"level":"info","message":"inside selectEmp","timestamp":"12:40:11 PM"}
{"level":"info","message":"inside getconnection[object Object]","timestamp":"12:40:11 PM"}
{"level":"info","message":"inside selectEmp","timestamp":"12:40:50 PM"}
{"level":"info","message":"inside getconnection[object Object]","timestamp":"12:40:50 PM"}
{"level":"info","message":"inside selectEmp","timestamp":"12:42:39 PM"}
{"level":"info","message":"inside getconnection[object Object]","timestamp":"12:42:39 PM"}
{"level":"info","message":"inside selectEmp","timestamp":"12:44:31 PM"}
{"level":"info","message":"inside getconnection[object Object]","timestamp":"12:44:31 PM"}
{"level":"info","message":"inside selectEmp","timestamp":"12:44:40 PM"}
{"level":"info","message":"inside getconnection[object Object]","timestamp":"12:44:40 PM"}
{"level":"info","message":"inside selectEmp","timestamp":"2:14:00 PM"}
{"level":"info","message":"inside getconnection[object Object]","timestamp":"2:14:00 PM"}
{"level":"info","message":"inside selectEmp","timestamp":"2:14:12 PM"}
{"level":"info","message":"inside getconnection[object Object]","timestamp":"2:14:12 PM"}
{"level":"info","message":"inside selectEmp","timestamp":"2:15:35 PM"}
{"level":"info","message":"inside getconnection[object Object]","timestamp":"2:15:35 PM"}
{"level":"info","message":"inside selectEmp","timestamp":"2:18:05 PM"}
{"level":"info","message":"inside getconnection[object Object]","timestamp":"2:18:05 PM"}
{"level":"info","message":"inside selectEmp","timestamp":"2:18:11 PM"}
{"level":"info","message":"inside getconnection[object Object]","timestamp":"2:18:11 PM"}
{"level":"info","message":"inside selectEmp","timestamp":"2:20:20 PM"}
{"level":"info","message":"inside getconnection[object Object]","timestamp":"2:20:20 PM"}
{"level":"info","message":"inside selectEmp","timestamp":"2:24:53 PM"}
{"level":"info","message":"inside getconnection[object Object]","timestamp":"2:24:53 PM"}
{"level":"info","message":"inside selectEmp","timestamp":"2:29:49 PM"}
{"level":"info","message":"inside getconnection[object Object]","timestamp":"2:29:49 PM"}
{"level":"info","message":"inside selectEmp","timestamp":"2:48:19 PM"}
{"level":"info","message":"inside getconnection[object Object]","timestamp":"2:48:20 PM"}
{"level":"info","message":"inside selectEmp","timestamp":"2:49:07 PM"}
{"level":"info","message":"inside getconnection[object Object]","timestamp":"2:49:07 PM"}
{"level":"info","message":"inside selectEmp","timestamp":"3:04:53 PM"}
{"level":"info","message":"inside getconnection[object Object]","timestamp":"3:04:53 PM"}
{"level":"info","message":"inside selectEmp","timestamp":"3:11:47 PM"}
{"level":"info","message":"inside getconnection[object Object]","timestamp":"3:11:47 PM"}
{"level":"info","message":"inside selectEmp","timestamp":"3:14:45 PM"}
{"level":"info","message":"inside getconnection[object Object]","timestamp":"3:14:45 PM"}
{"level":"info","message":"inside selectEmp","timestamp":"3:18:54 PM"}
{"level":"info","message":"inside getconnection[object Object]","timestamp":"3:18:55 PM"}
{"level":"info","message":"inside selectEmp","timestamp":"3:19:38 PM"}
{"level":"info","message":"inside getconnection[object Object]","timestamp":"3:19:38 PM"}
{"level":"info","message":"inside selectEmp","timestamp":"3:25:52 PM"}
{"level":"info","message":"inside getconnection[object Object]","timestamp":"3:25:52 PM"}
{"level":"info","message":"inside selectEmp","timestamp":"3:28:14 PM"}
{"level":"info","message":"inside getconnection[object Object]","timestamp":"3:28:14 PM"}
{"level":"info","message":"inside selectEmp","timestamp":"3:32:42 PM"}
{"level":"info","message":"inside getconnection[object Object]","timestamp":"3:32:42 PM"}
{"level":"info","message":"inside selectEmp","timestamp":"3:33:38 PM"}
{"level":"info","message":"inside getconnection[object Object]","timestamp":"3:33:38 PM"}
{"level":"info","message":"inside selectEmp","timestamp":"3:34:35 PM"}
{"level":"info","message":"inside getconnection[object Object]","timestamp":"3:34:35 PM"}
{"level":"info","message":"inside selectEmp","timestamp":"3:35:21 PM"}
{"level":"info","message":"inside getconnection[object Object]","timestamp":"3:35:21 PM"}
{"level":"info","message":"inside selectEmp","timestamp":"3:36:11 PM"}
{"level":"info","message":"inside getconnection[object Object]","timestamp":"3:36:11 PM"}
{"level":"info","message":"inside selectEmp","timestamp":"3:37:28 PM"}
{"level":"info","message":"inside getconnection[object Object]","timestamp":"3:37:28 PM"}
{"level":"info","message":"inside selectEmp","timestamp":"3:38:34 PM"}
{"level":"info","message":"inside getconnection[object Object]","timestamp":"3:38:34 PM"}
{"level":"info","message":"inside selectEmp","timestamp":"3:57:42 PM"}
{"level":"info","message":"inside getconnection[object Object]","timestamp":"3:57:42 PM"}
{"level":"info","message":"inside selectEmp","timestamp":"3:58:57 PM"}
{"level":"info","message":"inside getconnection[object Object]","timestamp":"3:58:57 PM"}
{"level":"info","message":"inside selectEmp","timestamp":"4:05:50 PM"}
{"level":"info","message":"inside getconnection[object Object]","timestamp":"4:05:50 PM"}
{"level":"info","message":"inside selectEmp","timestamp":"4:06:37 PM"}
{"level":"info","message":"inside getconnection[object Object]","timestamp":"4:06:37 PM"}
{"level":"info","message":"inside selectEmp","timestamp":"4:06:57 PM"}
{"level":"info","message":"inside getconnection[object Object]","timestamp":"4:06:57 PM"}
{"level":"info","message":"inside selectEmp","timestamp":"4:07:02 PM"}
{"level":"info","message":"inside getconnection[object Object]","timestamp":"4:07:02 PM"}
{"level":"info","message":"inside selectEmp","timestamp":"4:07:19 PM"}
{"level":"info","message":"inside getconnection[object Object]","timestamp":"4:07:19 PM"}
{"level":"info","message":"inside selectEmp","timestamp":"4:08:48 PM"}
{"level":"info","message":"inside getconnection[object Object]","timestamp":"4:08:48 PM"}
{"level":"info","message":"inside selectEmp","timestamp":"4:08:49 PM"}
{"level":"info","message":"inside getconnection[object Object]","timestamp":"4:08:49 PM"}
{"level":"info","message":"inside selectEmp","timestamp":"4:09:36 PM"}
{"level":"info","message":"inside getconnection[object Object]","timestamp":"4:09:36 PM"}
{"level":"info","message":"inside selectEmp","timestamp":"4:09:37 PM"}
{"level":"info","message":"inside getconnection[object Object]","timestamp":"4:09:37 PM"}
{"level":"info","message":"inside selectEmp","timestamp":"4:09:58 PM"}
{"level":"info","message":"inside getconnection[object Object]","timestamp":"4:09:58 PM"}
{"level":"info","message":"inside selectEmp","timestamp":"4:09:59 PM"}
{"level":"info","message":"inside getconnection[object Object]","timestamp":"4:09:59 PM"}
{"level":"info","message":"inside selectEmp","timestamp":"4:10:05 PM"}
{"level":"info","message":"inside getconnection[object Object]","timestamp":"4:10:05 PM"}
{"level":"info","message":"inside selectEmp","timestamp":"4:10:07 PM"}
{"level":"info","message":"inside getconnection[object Object]","timestamp":"4:10:07 PM"}
{"level":"info","message":"inside selectEmp","timestamp":"4:10:11 PM"}
{"level":"info","message":"inside getconnection[object Object]","timestamp":"4:10:11 PM"}
{"level":"info","message":"inside selectEmp","timestamp":"4:10:14 PM"}
{"level":"info","message":"inside getconnection[object Object]","timestamp":"4:10:14 PM"}
{"level":"info","message":"inside selectEmp","timestamp":"4:10:21 PM"}
{"level":"info","message":"inside getconnection[object Object]","timestamp":"4:10:21 PM"}
{"level":"info","message":"inside selectEmp","timestamp":"4:10:22 PM"}
{"level":"info","message":"inside getconnection[object Object]","timestamp":"4:10:22 PM"}
{"level":"info","message":"inside selectEmp","timestamp":"4:10:28 PM"}
{"level":"info","message":"inside getconnection[object Object]","timestamp":"4:10:28 PM"}
{"level":"info","message":"inside selectEmp","timestamp":"4:10:29 PM"}
{"level":"info","message":"inside getconnection[object Object]","timestamp":"4:10:29 PM"}
{"level":"info","message":"inside selectEmp","timestamp":"4:11:20 PM"}
{"level":"info","message":"inside getconnection[object Object]","timestamp":"4:11:20 PM"}
{"level":"info","message":"inside selectEmp","timestamp":"4:11:20 PM"}
{"level":"info","message":"inside getconnection[object Object]","timestamp":"4:11:20 PM"}
{"level":"info","message":"inside selectEmp","timestamp":"4:12:06 PM"}
{"level":"info","message":"inside getconnection[object Object]","timestamp":"4:12:06 PM"}
{"level":"info","message":"inside selectEmp","timestamp":"4:12:07 PM"}
{"level":"info","message":"inside getconnection[object Object]","timestamp":"4:12:07 PM"}
{"level":"info","message":"inside selectEmp","timestamp":"4:12:13 PM"}
{"level":"info","message":"inside getconnection[object Object]","timestamp":"4:12:13 PM"}
{"level":"info","message":"inside selectEmp","timestamp":"4:12:13 PM"}
{"level":"info","message":"inside getconnection[object Object]","timestamp":"4:12:13 PM"}
{"level":"info","message":"inside selectEmp","timestamp":"4:12:56 PM"}
{"level":"info","message":"inside getconnection[object Object]","timestamp":"4:12:56 PM"}
{"level":"info","message":"inside selectEmp","timestamp":"4:12:56 PM"}
{"level":"info","message":"inside getconnection[object Object]","timestamp":"4:12:56 PM"}
{"level":"info","message":"inside selectEmp","timestamp":"4:13:11 PM"}
{"level":"info","message":"inside getconnection[object Object]","timestamp":"4:13:12 PM"}
{"level":"info","message":"inside selectEmp","timestamp":"4:13:13 PM"}
{"level":"info","message":"inside getconnection[object Object]","timestamp":"4:13:13 PM"}
{"level":"info","message":"inside selectEmp","timestamp":"4:13:22 PM"}
{"level":"info","message":"inside getconnection[object Object]","timestamp":"4:13:22 PM"}
{"level":"info","message":"inside selectEmp","timestamp":"4:13:23 PM"}
{"level":"info","message":"inside getconnection[object Object]","timestamp":"4:13:23 PM"}
{"level":"info","message":"inside selectEmp","timestamp":"4:13:28 PM"}
{"level":"info","message":"inside getconnection[object Object]","timestamp":"4:13:28 PM"}
{"level":"info","message":"inside selectEmp","timestamp":"4:13:29 PM"}
{"level":"info","message":"inside getconnection[object Object]","timestamp":"4:13:29 PM"}
{"level":"info","message":"inside selectEmp","timestamp":"4:13:42 PM"}
{"level":"info","message":"inside getconnection[object Object]","timestamp":"4:13:42 PM"}
{"level":"info","message":"inside selectEmp","timestamp":"4:13:42 PM"}
{"level":"info","message":"inside getconnection[object Object]","timestamp":"4:13:42 PM"}
{"level":"info","message":"inside selectEmp","timestamp":"4:13:44 PM"}
{"level":"info","message":"inside getconnection[object Object]","timestamp":"4:13:44 PM"}
{"level":"info","message":"inside selectEmp","timestamp":"4:15:05 PM"}
{"level":"info","message":"inside getconnection[object Object]","timestamp":"4:15:05 PM"}
{"level":"info","message":"inside selectEmp","timestamp":"4:15:31 PM"}
{"level":"info","message":"inside getconnection[object Object]","timestamp":"4:15:31 PM"}
{"level":"info","message":"inside selectEmp","timestamp":"4:15:32 PM"}
{"level":"info","message":"inside getconnection[object Object]","timestamp":"4:15:32 PM"}
{"level":"info","message":"inside selectEmp","timestamp":"4:15:37 PM"}
{"level":"info","message":"inside getconnection[object Object]","timestamp":"4:15:37 PM"}
{"level":"info","message":"inside selectEmp","timestamp":"4:15:38 PM"}
{"level":"info","message":"inside getconnection[object Object]","timestamp":"4:15:38 PM"}
{"level":"info","message":"inside selectEmp","timestamp":"4:15:44 PM"}
{"level":"info","message":"inside getconnection[object Object]","timestamp":"4:15:44 PM"}
{"level":"info","message":"inside selectEmp","timestamp":"4:15:45 PM"}
{"level":"info","message":"inside getconnection[object Object]","timestamp":"4:15:45 PM"}
{"level":"info","message":"inside selectEmp","timestamp":"4:15:47 PM"}
{"level":"info","message":"inside getconnection[object Object]","timestamp":"4:15:47 PM"}
{"level":"info","message":"inside selectEmp","timestamp":"4:15:56 PM"}
{"level":"info","message":"inside getconnection[object Object]","timestamp":"4:15:56 PM"}
{"level":"info","message":"inside selectEmp","timestamp":"4:15:57 PM"}
{"level":"info","message":"inside getconnection[object Object]","timestamp":"4:15:57 PM"}
{"level":"info","message":"inside selectEmp","timestamp":"4:16:07 PM"}
{"level":"info","message":"inside getconnection[object Object]","timestamp":"4:16:08 PM"}
{"level":"info","message":"inside selectEmp","timestamp":"4:16:08 PM"}
{"level":"info","message":"inside getconnection[object Object]","timestamp":"4:16:08 PM"}
{"level":"info","message":"inside selectEmp","timestamp":"4:16:29 PM"}
{"level":"info","message":"inside getconnection[object Object]","timestamp":"4:16:29 PM"}
{"level":"info","message":"inside selectEmp","timestamp":"4:16:30 PM"}
{"level":"info","message":"inside getconnection[object Object]","timestamp":"4:16:30 PM"}
{"level":"info","message":"inside selectEmp","timestamp":"4:16:32 PM"}
{"level":"info","message":"inside getconnection[object Object]","timestamp":"4:16:32 PM"}
{"level":"info","message":"inside selectEmp","timestamp":"4:16:39 PM"}
{"level":"info","message":"inside getconnection[object Object]","timestamp":"4:16:39 PM"}
{"level":"info","message":"inside selectEmp","timestamp":"4:18:03 PM"}
{"level":"info","message":"inside getconnection[object Object]","timestamp":"4:18:03 PM"}
{"level":"info","message":"inside selectEmp","timestamp":"4:18:03 PM"}
{"level":"info","message":"inside getconnection[object Object]","timestamp":"4:18:03 PM"}
{"level":"info","message":"inside selectEmp","timestamp":"4:19:05 PM"}
{"level":"info","message":"inside getconnection[object Object]","timestamp":"4:19:05 PM"}
{"level":"info","message":"inside selectEmp","timestamp":"4:55:26 PM"}
{"level":"info","message":"inside getconnection[object Object]","timestamp":"4:55:26 PM"}
{"level":"info","message":"inside selectEmp","timestamp":"4:55:27 PM"}
{"level":"info","message":"inside getconnection[object Object]","timestamp":"4:55:27 PM"}
{"level":"info","message":"inside selectEmp","timestamp":"5:02:56 PM"}
{"level":"info","message":"inside getconnection[object Object]","timestamp":"5:02:56 PM"}
{"level":"info","message":"inside selectEmp","timestamp":"5:05:58 PM"}
{"level":"info","message":"inside getconnection[object Object]","timestamp":"5:05:58 PM"}
{"level":"info","message":"inside selectEmp","timestamp":"5:08:53 PM"}
{"level":"info","message":"inside getconnection[object Object]","timestamp":"5:08:53 PM"}
{"level":"info","message":"inside selectEmp","timestamp":"5:09:44 PM"}
{"level":"info","message":"inside getconnection[object Object]","timestamp":"5:09:44 PM"}
{"level":"info","message":"inside selectEmp","timestamp":"5:09:58 PM"}
{"level":"info","message":"inside getconnection[object Object]","timestamp":"5:09:58 PM"}
{"level":"info","message":"inside selectEmp","timestamp":"5:10:48 PM"}
{"level":"info","message":"inside getconnection[object Object]","timestamp":"5:10:48 PM"}
{"level":"info","message":"inside selectEmp","timestamp":"5:10:49 PM"}
{"level":"info","message":"inside getconnection[object Object]","timestamp":"5:10:49 PM"}
{"level":"info","message":"inside selectEmp","timestamp":"5:10:50 PM"}
{"level":"info","message":"inside getconnection[object Object]","timestamp":"5:10:50 PM"}
{"level":"info","message":"inside selectEmp","timestamp":"5:11:31 PM"}
{"level":"info","message":"inside getconnection[object Object]","timestamp":"5:11:31 PM"}
{"level":"info","message":"inside selectEmp","timestamp":"5:11:32 PM"}
{"level":"info","message":"inside getconnection[object Object]","timestamp":"5:11:32 PM"}
{"level":"info","message":"inside selectEmp","timestamp":"5:11:39 PM"}
{"level":"info","message":"inside getconnection[object Object]","timestamp":"5:11:39 PM"}
{"level":"info","message":"inside selectEmp","timestamp":"5:11:40 PM"}
{"level":"info","message":"inside getconnection[object Object]","timestamp":"5:11:40 PM"}
{"level":"info","message":"inside selectEmp","timestamp":"5:12:22 PM"}
{"level":"info","message":"inside getconnection[object Object]","timestamp":"5:12:23 PM"}
{"level":"info","message":"inside selectEmp","timestamp":"5:13:04 PM"}
{"level":"info","message":"inside getconnection[object Object]","timestamp":"5:13:04 PM"}
{"level":"info","message":"inside selectEmp","timestamp":"5:13:05 PM"}
{"level":"info","message":"inside getconnection[object Object]","timestamp":"5:13:05 PM"}
{"level":"info","message":"inside selectEmp","timestamp":"5:13:08 PM"}
{"level":"info","message":"inside getconnection[object Object]","timestamp":"5:13:08 PM"}
{"level":"info","message":"inside selectEmp","timestamp":"5:13:36 PM"}
{"level":"info","message":"inside getconnection[object Object]","timestamp":"5:13:36 PM"}
{"level":"info","message":"inside selectEmp","timestamp":"5:13:41 PM"}
{"level":"info","message":"inside getconnection[object Object]","timestamp":"5:13:41 PM"}
{"level":"info","message":"inside selectEmp","timestamp":"5:13:56 PM"}
{"level":"info","message":"inside getconnection[object Object]","timestamp":"5:13:56 PM"}
{"level":"info","message":"inside selectEmp","timestamp":"5:14:04 PM"}
{"level":"info","message":"inside getconnection[object Object]","timestamp":"5:14:04 PM"}
{"level":"info","message":"inside selectEmp","timestamp":"5:14:19 PM"}
{"level":"info","message":"inside getconnection[object Object]","timestamp":"5:14:19 PM"}
{"level":"info","message":"inside selectEmp","timestamp":"5:14:20 PM"}
{"level":"info","message":"inside getconnection[object Object]","timestamp":"5:14:20 PM"}
{"level":"info","message":"inside selectEmp","timestamp":"5:14:21 PM"}
{"level":"info","message":"inside getconnection[object Object]","timestamp":"5:14:21 PM"}
{"level":"info","message":"inside selectEmp","timestamp":"5:14:42 PM"}
{"level":"info","message":"inside getconnection[object Object]","timestamp":"5:14:42 PM"}
{"level":"info","message":"inside selectEmp","timestamp":"5:14:43 PM"}
{"level":"info","message":"inside getconnection[object Object]","timestamp":"5:14:43 PM"}
{"level":"info","message":"inside selectEmp","timestamp":"5:14:44 PM"}
{"level":"info","message":"inside getconnection[object Object]","timestamp":"5:14:44 PM"}
{"level":"info","message":"inside selectEmp","timestamp":"5:15:13 PM"}
{"level":"info","message":"inside getconnection[object Object]","timestamp":"5:15:13 PM"}
{"level":"info","message":"inside selectEmp","timestamp":"5:15:16 PM"}
{"level":"info","message":"inside getconnection[object Object]","timestamp":"5:15:16 PM"}
{"level":"info","message":"inside selectEmp","timestamp":"5:15:23 PM"}
{"level":"info","message":"inside getconnection[object Object]","timestamp":"5:15:23 PM"}
{"level":"info","message":"inside selectEmp","timestamp":"5:15:24 PM"}
{"level":"info","message":"inside getconnection[object Object]","timestamp":"5:15:24 PM"}
